<?xml version="1.0" encoding="UTF-8"?>
<robot generator="Robot 3.2.2 (Python 3.8.6 on win32)" generated="20201106 22:16:17.035" rpa="false">
<suite id="s1" name="GenerateApiKey" source="C:\Users\Pichau\Desktop\Docs Lucas\python\Teste Prime Control\Teste-Prime-Control\Robots\GenerateApiKey.robot">
<test id="s1-t1" name="Generate API KEY">
<kw name="Open Browser To LOGIN Page">
<arguments>
<arg>${endereco}</arg>
</arguments>
<kw name="Open Browser" library="SeleniumLibrary">
<doc>Opens a new browser instance to the optional ``url``.</doc>
<arguments>
<arg>${endereco}</arg>
<arg>${BROWSER}</arg>
</arguments>
<msg timestamp="20201106 22:16:17.257" level="INFO">Opening browser 'Chrome' to base url 'https://developer.clashroyale.com/#/'.</msg>
<status status="PASS" starttime="20201106 22:16:17.257" endtime="20201106 22:16:25.586"></status>
</kw>
<kw name="Maximize Browser Window" library="SeleniumLibrary">
<doc>Maximizes current browser window.</doc>
<status status="PASS" starttime="20201106 22:16:25.586" endtime="20201106 22:16:27.703"></status>
</kw>
<kw name="Wait Until Page Contains Element" library="SeleniumLibrary">
<doc>Waits until the element ``locator`` appears on the current page.</doc>
<arguments>
<arg>//a [@data-reactid=".0.2.0.0.0.0.2.0.0"]</arg>
</arguments>
<status status="PASS" starttime="20201106 22:16:27.703" endtime="20201106 22:16:27.715"></status>
</kw>
<kw name="Click Link" library="SeleniumLibrary">
<doc>Clicks a link identified by ``locator``.</doc>
<arguments>
<arg>//a [@data-reactid=".0.2.0.0.0.0.2.0.0"]</arg>
</arguments>
<msg timestamp="20201106 22:16:27.715" level="INFO">Clicking link '//a [@data-reactid=".0.2.0.0.0.0.2.0.0"]'.</msg>
<status status="PASS" starttime="20201106 22:16:27.715" endtime="20201106 22:16:27.772"></status>
</kw>
<status status="PASS" starttime="20201106 22:16:17.256" endtime="20201106 22:16:27.772"></status>
</kw>
<doc>Fazer o login na pagina e gerar a key para a api</doc>
<status status="PASS" starttime="20201106 22:16:17.255" endtime="20201106 22:16:27.773" critical="yes"></status>
</test>
<status status="PASS" starttime="20201106 22:16:17.056" endtime="20201106 22:16:27.774"></status>
</suite>
<statistics>
<total>
<stat pass="1" fail="0">Critical Tests</stat>
<stat pass="1" fail="0">All Tests</stat>
</total>
<tag>
</tag>
<suite>
<stat pass="1" fail="0" id="s1" name="GenerateApiKey">GenerateApiKey</stat>
</suite>
</statistics>
<errors>
<msg timestamp="20201106 22:16:17.254" level="ERROR">Error in file 'C:\Users\Pichau\Desktop\Docs Lucas\python\Teste Prime Control\Teste-Prime-Control\Robots\GenerateApiKey.robot' on line 3: Test library 'Libraries\config.py' does not exist.</msg>
</errors>
</robot>
