<?xml version="1.0" encoding="UTF-8"?>
<robot generator="Robot 3.2.2 (Python 3.8.6 on win32)" generated="20201107 01:59:21.797" rpa="false">
<suite id="s1" name="GenerateApiKey" source="C:\Users\Pichau\Desktop\Docs Lucas\python\Teste Prime Control\Teste-Prime-Control\Robots\GenerateApiKey.robot">
<test id="s1-t1" name="Generate API KEY">
<kw name="Open Browser To LOGIN Page">
<doc>Acessa a pagina de login.</doc>
<arguments>
<arg>${endereco}</arg>
</arguments>
<kw name="Open Browser" library="SeleniumLibrary">
<doc>Opens a new browser instance to the optional ``url``.</doc>
<arguments>
<arg>${endereco}</arg>
<arg>${BROWSER}</arg>
</arguments>
<msg timestamp="20201107 01:59:22.059" level="INFO">Opening browser 'Chrome' to base url 'https://developer.clashroyale.com/#/'.</msg>
<status status="PASS" starttime="20201107 01:59:22.058" endtime="20201107 01:59:40.040"></status>
</kw>
<kw name="Maximize Browser Window" library="SeleniumLibrary">
<doc>Maximizes current browser window.</doc>
<status status="PASS" starttime="20201107 01:59:40.040" endtime="20201107 01:59:42.157"></status>
</kw>
<kw name="Wait Until Page Contains Element" library="SeleniumLibrary">
<doc>Waits until the element ``locator`` appears on the current page.</doc>
<arguments>
<arg>//a[@data-reactid=".0.2.0.0.0.0.2.0.2"]</arg>
</arguments>
<status status="PASS" starttime="20201107 01:59:42.157" endtime="20201107 01:59:42.166"></status>
</kw>
<kw name="Click Link" library="SeleniumLibrary">
<doc>Clicks a link identified by ``locator``.</doc>
<arguments>
<arg>//a[@data-reactid=".0.2.0.0.0.0.2.0.2"]</arg>
</arguments>
<msg timestamp="20201107 01:59:42.166" level="INFO">Clicking link '//a[@data-reactid=".0.2.0.0.0.0.2.0.2"]'.</msg>
<status status="PASS" starttime="20201107 01:59:42.166" endtime="20201107 01:59:42.216"></status>
</kw>
<status status="PASS" starttime="20201107 01:59:22.058" endtime="20201107 01:59:42.216"></status>
</kw>
<kw name="Login In Clash">
<doc>Executa o Login, na pagina de login.</doc>
<arguments>
<arg>${usuario}</arg>
<arg>${senha}</arg>
</arguments>
<kw name="Wait Until Page Contains Element" library="SeleniumLibrary">
<doc>Waits until the element ``locator`` appears on the current page.</doc>
<arguments>
<arg>//input[@id="email"]</arg>
</arguments>
<status status="PASS" starttime="20201107 01:59:42.217" endtime="20201107 01:59:42.229"></status>
</kw>
<kw name="Input Text" library="SeleniumLibrary">
<doc>Types the given ``text`` into the text field identified by ``locator``.</doc>
<arguments>
<arg>//input[@id="email"]</arg>
<arg>${usuario}</arg>
</arguments>
<msg timestamp="20201107 01:59:42.229" level="INFO">Typing text 'lucasperoti@gmail.com' into text field '//input[@id="email"]'.</msg>
<status status="PASS" starttime="20201107 01:59:42.229" endtime="20201107 01:59:42.328"></status>
</kw>
<kw name="Input Password" library="SeleniumLibrary">
<doc>Types the given password into the text field identified by ``locator``.</doc>
<arguments>
<arg>//input[@id="password"]</arg>
<arg>${senha}</arg>
</arguments>
<msg timestamp="20201107 01:59:42.329" level="INFO">Typing password into text field '//input[@id="password"]'.</msg>
<msg timestamp="20201107 01:59:42.362" level="INFO">Temporally setting log level to: NONE</msg>
<msg timestamp="20201107 01:59:42.409" level="INFO">Log level changed from NONE to INFO.</msg>
<status status="PASS" starttime="20201107 01:59:42.329" endtime="20201107 01:59:42.409"></status>
</kw>
<kw name="Click Button" library="SeleniumLibrary">
<doc>Clicks the button identified by ``locator``.</doc>
<arguments>
<arg>//button[@type="submit"]</arg>
</arguments>
<msg timestamp="20201107 01:59:42.410" level="INFO">Clicking button '//button[@type="submit"]'.</msg>
<status status="PASS" starttime="20201107 01:59:42.409" endtime="20201107 01:59:42.463"></status>
</kw>
<status status="PASS" starttime="20201107 01:59:42.217" endtime="20201107 01:59:42.463"></status>
</kw>
<kw name="Navegate To Generate Key Page">
<doc>Navega ate a pagina de geraçao da API Key.</doc>
<kw name="Wait Until Page Contains Element" library="SeleniumLibrary">
<doc>Waits until the element ``locator`` appears on the current page.</doc>
<arguments>
<arg>//button[@data-toggle="dropdown"]</arg>
</arguments>
<status status="PASS" starttime="20201107 01:59:42.464" endtime="20201107 01:59:43.299"></status>
</kw>
<kw name="Click Element" library="SeleniumLibrary">
<doc>Click the element identified by ``locator``.</doc>
<arguments>
<arg>//button[@data-toggle="dropdown"]</arg>
</arguments>
<msg timestamp="20201107 01:59:43.299" level="INFO">Clicking element '//button[@data-toggle="dropdown"]'.</msg>
<status status="PASS" starttime="20201107 01:59:43.299" endtime="20201107 01:59:43.330"></status>
</kw>
<kw name="Click Element" library="SeleniumLibrary">
<doc>Click the element identified by ``locator``.</doc>
<arguments>
<arg>//a[@data-reactid=".0.2.0.0.0.0.2.0.0.1.0.0"]</arg>
</arguments>
<msg timestamp="20201107 01:59:43.330" level="INFO">Clicking element '//a[@data-reactid=".0.2.0.0.0.0.2.0.0.1.0.0"]'.</msg>
<status status="PASS" starttime="20201107 01:59:43.330" endtime="20201107 01:59:43.381"></status>
</kw>
<status status="PASS" starttime="20201107 01:59:42.464" endtime="20201107 01:59:43.381"></status>
</kw>
<kw name="Generate Key">
<doc>Gera a APO Key.</doc>
<arguments>
<arg>${nomeKey}</arg>
<arg>${descricao}</arg>
</arguments>
<kw name="Wait Until Page Contains Element" library="SeleniumLibrary">
<doc>Waits until the element ``locator`` appears on the current page.</doc>
<arguments>
<arg>//span[@data-reactid=".0.2.0.1.1.0.0.1.1.0.1"]</arg>
</arguments>
<status status="PASS" starttime="20201107 01:59:43.382" endtime="20201107 01:59:43.392"></status>
</kw>
<kw name="Click Element" library="SeleniumLibrary">
<doc>Click the element identified by ``locator``.</doc>
<arguments>
<arg>//span[@data-reactid=".0.2.0.1.1.0.0.1.1.0.1"]</arg>
</arguments>
<msg timestamp="20201107 01:59:43.392" level="INFO">Clicking element '//span[@data-reactid=".0.2.0.1.1.0.0.1.1.0.1"]'.</msg>
<status status="PASS" starttime="20201107 01:59:43.392" endtime="20201107 01:59:43.445"></status>
</kw>
<kw name="Wait Until Page Contains Element" library="SeleniumLibrary">
<doc>Waits until the element ``locator`` appears on the current page.</doc>
<arguments>
<arg>//textarea[@id="description"]</arg>
</arguments>
<status status="PASS" starttime="20201107 01:59:43.446" endtime="20201107 01:59:43.455"></status>
</kw>
<kw name="Input Text" library="SeleniumLibrary">
<doc>Types the given ``text`` into the text field identified by ``locator``.</doc>
<arguments>
<arg>//input[@id="name"]</arg>
<arg>${nomeKey}</arg>
</arguments>
<msg timestamp="20201107 01:59:43.456" level="INFO">Typing text 'testePrime' into text field '//input[@id="name"]'.</msg>
<status status="PASS" starttime="20201107 01:59:43.455" endtime="20201107 01:59:43.549"></status>
</kw>
<kw name="Input Text" library="SeleniumLibrary">
<doc>Types the given ``text`` into the text field identified by ``locator``.</doc>
<arguments>
<arg>//textarea[@id="description"]</arg>
<arg>${descricao}</arg>
</arguments>
<msg timestamp="20201107 01:59:43.549" level="INFO">Typing text 'description' into text field '//textarea[@id="description"]'.</msg>
<status status="PASS" starttime="20201107 01:59:43.549" endtime="20201107 01:59:43.626"></status>
</kw>
<kw name="Input Text" library="SeleniumLibrary">
<doc>Types the given ``text`` into the text field identified by ``locator``.</doc>
<arguments>
<arg>//input[@id="range-0"]</arg>
<arg>${ip}</arg>
</arguments>
<msg timestamp="20201107 01:59:43.626" level="INFO">Typing text '201.13.103.203' into text field '//input[@id="range-0"]'.</msg>
<status status="PASS" starttime="20201107 01:59:43.626" endtime="20201107 01:59:43.710"></status>
</kw>
<kw name="Click Button" library="SeleniumLibrary">
<doc>Clicks the button identified by ``locator``.</doc>
<arguments>
<arg>//button[@type="submit"]</arg>
</arguments>
<msg timestamp="20201107 01:59:43.710" level="INFO">Clicking button '//button[@type="submit"]'.</msg>
<status status="PASS" starttime="20201107 01:59:43.710" endtime="20201107 01:59:43.761"></status>
</kw>
<status status="PASS" starttime="20201107 01:59:43.382" endtime="20201107 01:59:43.761"></status>
</kw>
<kw name="Get API KEY">
<doc>Obtem a api key gerada.</doc>
<kw name="Wait Until Page Contains Element" library="SeleniumLibrary">
<doc>Waits until the element ``locator`` appears on the current page.</doc>
<arguments>
<arg>//span[@class="dev-site-icon-key dev-site-icon"][1]</arg>
</arguments>
<status status="PASS" starttime="20201107 01:59:43.762" endtime="20201107 01:59:44.596"></status>
</kw>
<kw name="Click Element" library="SeleniumLibrary">
<doc>Click the element identified by ``locator``.</doc>
<arguments>
<arg>//span[@class="dev-site-icon-key dev-site-icon"][1]</arg>
</arguments>
<msg timestamp="20201107 01:59:44.597" level="INFO">Clicking element '//span[@class="dev-site-icon-key dev-site-icon"][1]'.</msg>
<status status="PASS" starttime="20201107 01:59:44.596" endtime="20201107 01:59:44.684"></status>
</kw>
<kw name="Wait Until Page Contains Element" library="SeleniumLibrary">
<doc>Waits until the element ``locator`` appears on the current page.</doc>
<arguments>
<arg>//samp[@data-reactid=".0.2.0.1.0.0.0.1.0.0.1.0"]</arg>
</arguments>
<status status="PASS" starttime="20201107 01:59:44.685" endtime="20201107 01:59:44.693"></status>
</kw>
<kw name="Get Text" library="SeleniumLibrary">
<doc>Returns the text value of the element identified by ``locator``.</doc>
<arguments>
<arg>//samp[@data-reactid=".0.2.0.1.0.0.0.1.0.0.1.0"]</arg>
</arguments>
<assign>
<var>${Key}</var>
</assign>
<msg timestamp="20201107 01:59:44.708" level="INFO">${Key} = eyJ0eXAiOiJKV1QiLCJhbGciOiJIUzUxMiIsImtpZCI6IjI4YTMxOGY3LTAwMDAtYTFlYi03ZmExLTJjNzQzM2M2Y2NhNSJ9.eyJpc3MiOiJzdXBlcmNlbGwiLCJhdWQiOiJzdXBlcmNlbGw6Z2FtZWFwaSIsImp0aSI6ImIxNTYzZWQ4LTUxZGItNDMwNC1iMzE2LWM...</msg>
<status status="PASS" starttime="20201107 01:59:44.694" endtime="20201107 01:59:44.709"></status>
</kw>
<kw name="Log To Console" library="BuiltIn">
<doc>Logs the given message to the console.</doc>
<arguments>
<arg>${Key}</arg>
</arguments>
<status status="PASS" starttime="20201107 01:59:44.709" endtime="20201107 01:59:44.709"></status>
</kw>
<status status="PASS" starttime="20201107 01:59:43.762" endtime="20201107 01:59:44.710"></status>
</kw>
<doc>Fazer o login na pagina e gerar a key para a api.</doc>
<status status="PASS" starttime="20201107 01:59:22.057" endtime="20201107 01:59:44.710" critical="yes"></status>
</test>
<status status="PASS" starttime="20201107 01:59:21.810" endtime="20201107 01:59:44.721"></status>
</suite>
<statistics>
<total>
<stat pass="1" fail="0">Critical Tests</stat>
<stat pass="1" fail="0">All Tests</stat>
</total>
<tag>
</tag>
<suite>
<stat pass="1" fail="0" id="s1" name="GenerateApiKey">GenerateApiKey</stat>
</suite>
</statistics>
<errors>
</errors>
</robot>
