<?xml version="1.0" encoding="UTF-8"?>
<robot generator="Robot 3.2.2 (Python 3.8.6 on win32)" generated="20201106 22:51:19.712" rpa="false">
<suite id="s1" name="GenerateApiKey" source="C:\Users\Pichau\Desktop\Docs Lucas\python\Teste Prime Control\Teste-Prime-Control\Robots\GenerateApiKey.robot">
<test id="s1-t1" name="Generate API KEY">
<kw name="Open Browser To LOGIN Page">
<arguments>
<arg>${endereco}</arg>
</arguments>
<kw name="Open Browser" library="SeleniumLibrary">
<doc>Opens a new browser instance to the optional ``url``.</doc>
<arguments>
<arg>${endereco}</arg>
<arg>${BROWSER}</arg>
</arguments>
<msg timestamp="20201106 22:51:19.943" level="INFO">Opening browser 'Chrome' to base url 'https://developer.clashroyale.com/#/'.</msg>
<status status="PASS" starttime="20201106 22:51:19.943" endtime="20201106 22:51:30.049"></status>
</kw>
<kw name="Maximize Browser Window" library="SeleniumLibrary">
<doc>Maximizes current browser window.</doc>
<status status="PASS" starttime="20201106 22:51:30.049" endtime="20201106 22:51:32.166"></status>
</kw>
<kw name="Wait Until Page Contains Element" library="SeleniumLibrary">
<doc>Waits until the element ``locator`` appears on the current page.</doc>
<arguments>
<arg>//a[@data-reactid=".0.2.0.0.0.0.2.0.2"]</arg>
</arguments>
<status status="PASS" starttime="20201106 22:51:32.166" endtime="20201106 22:51:32.176"></status>
</kw>
<kw name="Click Link" library="SeleniumLibrary">
<doc>Clicks a link identified by ``locator``.</doc>
<arguments>
<arg>//a[@data-reactid=".0.2.0.0.0.0.2.0.2"]</arg>
</arguments>
<msg timestamp="20201106 22:51:32.177" level="INFO">Clicking link '//a[@data-reactid=".0.2.0.0.0.0.2.0.2"]'.</msg>
<status status="PASS" starttime="20201106 22:51:32.177" endtime="20201106 22:51:32.228"></status>
</kw>
<status status="PASS" starttime="20201106 22:51:19.942" endtime="20201106 22:51:32.228"></status>
</kw>
<kw name="Login In Clash">
<arguments>
<arg>${usuario}</arg>
<arg>${senha}</arg>
</arguments>
<kw name="Wait Until Page Contains Element" library="SeleniumLibrary">
<doc>Waits until the element ``locator`` appears on the current page.</doc>
<arguments>
<arg>//input[@id="email"]</arg>
</arguments>
<status status="PASS" starttime="20201106 22:51:32.229" endtime="20201106 22:51:32.240"></status>
</kw>
<kw name="Input Text" library="SeleniumLibrary">
<doc>Types the given ``text`` into the text field identified by ``locator``.</doc>
<arguments>
<arg>//input[@id="email"]</arg>
<arg>${usuario}</arg>
</arguments>
<msg timestamp="20201106 22:51:32.241" level="INFO">Typing text 'lucasperoti@gmail.com' into text field '//input[@id="email"]'.</msg>
<status status="PASS" starttime="20201106 22:51:32.241" endtime="20201106 22:51:32.348"></status>
</kw>
<kw name="Input Password" library="SeleniumLibrary">
<doc>Types the given password into the text field identified by ``locator``.</doc>
<arguments>
<arg>//input[@id="password"]</arg>
<arg>${senha}</arg>
</arguments>
<msg timestamp="20201106 22:51:32.348" level="INFO">Typing password into text field '//input[@id="password"]'.</msg>
<msg timestamp="20201106 22:51:32.383" level="INFO">Temporally setting log level to: NONE</msg>
<msg timestamp="20201106 22:51:32.429" level="INFO">Log level changed from NONE to INFO.</msg>
<status status="PASS" starttime="20201106 22:51:32.348" endtime="20201106 22:51:32.429"></status>
</kw>
<kw name="Click Button" library="SeleniumLibrary">
<doc>Clicks the button identified by ``locator``.</doc>
<arguments>
<arg>//button[@type="submit"]</arg>
</arguments>
<msg timestamp="20201106 22:51:32.429" level="INFO">Clicking button '//button[@type="submit"]'.</msg>
<status status="PASS" starttime="20201106 22:51:32.429" endtime="20201106 22:51:32.484"></status>
</kw>
<status status="PASS" starttime="20201106 22:51:32.229" endtime="20201106 22:51:32.485"></status>
</kw>
<doc>Fazer o login na pagina e gerar a key para a api</doc>
<status status="PASS" starttime="20201106 22:51:19.941" endtime="20201106 22:51:32.485" critical="yes"></status>
</test>
<status status="PASS" starttime="20201106 22:51:19.729" endtime="20201106 22:51:32.486"></status>
</suite>
<statistics>
<total>
<stat pass="1" fail="0">Critical Tests</stat>
<stat pass="1" fail="0">All Tests</stat>
</total>
<tag>
</tag>
<suite>
<stat pass="1" fail="0" id="s1" name="GenerateApiKey">GenerateApiKey</stat>
</suite>
</statistics>
<errors>
<msg timestamp="20201106 22:51:19.939" level="ERROR">Error in file 'C:\Users\Pichau\Desktop\Docs Lucas\python\Teste Prime Control\Teste-Prime-Control\Robots\GenerateApiKey.robot' on line 3: Test library 'Libraries\config.py' does not exist.</msg>
</errors>
</robot>
