<?xml version="1.0" encoding="UTF-8"?>
<robot generator="Robot 3.2.2 (Python 3.8.6 on win32)" generated="20201107 01:16:06.412" rpa="false">
<suite id="s1" name="GenerateApiKey" source="C:\Users\Pichau\Desktop\Docs Lucas\python\Teste Prime Control\Teste-Prime-Control\Robots\GenerateApiKey.robot">
<test id="s1-t1" name="Generate API KEY">
<kw name="Open Browser To LOGIN Page">
<arguments>
<arg>${endereco}</arg>
</arguments>
<kw name="Open Browser" library="SeleniumLibrary">
<doc>Opens a new browser instance to the optional ``url``.</doc>
<arguments>
<arg>${endereco}</arg>
<arg>${BROWSER}</arg>
</arguments>
<msg timestamp="20201107 01:16:06.635" level="INFO">Opening browser 'Chrome' to base url 'https://developer.clashroyale.com/#/'.</msg>
<status status="PASS" starttime="20201107 01:16:06.635" endtime="20201107 01:16:13.034"></status>
</kw>
<kw name="Maximize Browser Window" library="SeleniumLibrary">
<doc>Maximizes current browser window.</doc>
<status status="PASS" starttime="20201107 01:16:13.034" endtime="20201107 01:16:15.153"></status>
</kw>
<kw name="Wait Until Page Contains Element" library="SeleniumLibrary">
<doc>Waits until the element ``locator`` appears on the current page.</doc>
<arguments>
<arg>//a[@data-reactid=".0.2.0.0.0.0.2.0.2"]</arg>
</arguments>
<status status="PASS" starttime="20201107 01:16:15.154" endtime="20201107 01:16:15.163"></status>
</kw>
<kw name="Click Link" library="SeleniumLibrary">
<doc>Clicks a link identified by ``locator``.</doc>
<arguments>
<arg>//a[@data-reactid=".0.2.0.0.0.0.2.0.2"]</arg>
</arguments>
<msg timestamp="20201107 01:16:15.164" level="INFO">Clicking link '//a[@data-reactid=".0.2.0.0.0.0.2.0.2"]'.</msg>
<status status="PASS" starttime="20201107 01:16:15.163" endtime="20201107 01:16:15.218"></status>
</kw>
<status status="PASS" starttime="20201107 01:16:06.635" endtime="20201107 01:16:15.218"></status>
</kw>
<kw name="Login In Clash">
<arguments>
<arg>${usuario}</arg>
<arg>${senha}</arg>
</arguments>
<kw name="Wait Until Page Contains Element" library="SeleniumLibrary">
<doc>Waits until the element ``locator`` appears on the current page.</doc>
<arguments>
<arg>//input[@id="email"]</arg>
</arguments>
<status status="PASS" starttime="20201107 01:16:15.220" endtime="20201107 01:16:15.231"></status>
</kw>
<kw name="Input Text" library="SeleniumLibrary">
<doc>Types the given ``text`` into the text field identified by ``locator``.</doc>
<arguments>
<arg>//input[@id="email"]</arg>
<arg>${usuario}</arg>
</arguments>
<msg timestamp="20201107 01:16:15.231" level="INFO">Typing text 'lucasperoti@gmail.com' into text field '//input[@id="email"]'.</msg>
<status status="PASS" starttime="20201107 01:16:15.231" endtime="20201107 01:16:15.334"></status>
</kw>
<kw name="Input Password" library="SeleniumLibrary">
<doc>Types the given password into the text field identified by ``locator``.</doc>
<arguments>
<arg>//input[@id="password"]</arg>
<arg>${senha}</arg>
</arguments>
<msg timestamp="20201107 01:16:15.334" level="INFO">Typing password into text field '//input[@id="password"]'.</msg>
<msg timestamp="20201107 01:16:15.371" level="INFO">Temporally setting log level to: NONE</msg>
<msg timestamp="20201107 01:16:15.421" level="INFO">Log level changed from NONE to INFO.</msg>
<status status="PASS" starttime="20201107 01:16:15.334" endtime="20201107 01:16:15.421"></status>
</kw>
<kw name="Click Button" library="SeleniumLibrary">
<doc>Clicks the button identified by ``locator``.</doc>
<arguments>
<arg>//button[@type="submit"]</arg>
</arguments>
<msg timestamp="20201107 01:16:15.422" level="INFO">Clicking button '//button[@type="submit"]'.</msg>
<status status="PASS" starttime="20201107 01:16:15.422" endtime="20201107 01:16:15.479"></status>
</kw>
<status status="PASS" starttime="20201107 01:16:15.219" endtime="20201107 01:16:15.479"></status>
</kw>
<kw name="Navegate To Generate Key Page">
<kw name="Wait Until Page Contains Element" library="SeleniumLibrary">
<doc>Waits until the element ``locator`` appears on the current page.</doc>
<arguments>
<arg>//button[@data-toggle="dropdown"]</arg>
</arguments>
<status status="PASS" starttime="20201107 01:16:15.480" endtime="20201107 01:16:16.314"></status>
</kw>
<kw name="Click Element" library="SeleniumLibrary">
<doc>Click the element identified by ``locator``.</doc>
<arguments>
<arg>//button[@data-toggle="dropdown"]</arg>
</arguments>
<msg timestamp="20201107 01:16:16.315" level="INFO">Clicking element '//button[@data-toggle="dropdown"]'.</msg>
<status status="PASS" starttime="20201107 01:16:16.314" endtime="20201107 01:16:16.349"></status>
</kw>
<kw name="Click Element" library="SeleniumLibrary">
<doc>Click the element identified by ``locator``.</doc>
<arguments>
<arg>//a[@data-reactid=".0.2.0.0.0.0.2.0.0.1.0.0"]</arg>
</arguments>
<msg timestamp="20201107 01:16:16.349" level="INFO">Clicking element '//a[@data-reactid=".0.2.0.0.0.0.2.0.0.1.0.0"]'.</msg>
<status status="PASS" starttime="20201107 01:16:16.349" endtime="20201107 01:16:16.402"></status>
</kw>
<status status="PASS" starttime="20201107 01:16:15.479" endtime="20201107 01:16:16.402"></status>
</kw>
<kw name="Generate Key">
<arguments>
<arg>${nomeKey}</arg>
<arg>${descricao}</arg>
</arguments>
<kw name="Wait Until Page Contains Element" library="SeleniumLibrary">
<doc>Waits until the element ``locator`` appears on the current page.</doc>
<arguments>
<arg>//span[@data-reactid=".0.2.0.1.1.0.0.1.1.0.1"]</arg>
</arguments>
<status status="PASS" starttime="20201107 01:16:16.404" endtime="20201107 01:16:16.416"></status>
</kw>
<kw name="Click Element" library="SeleniumLibrary">
<doc>Click the element identified by ``locator``.</doc>
<arguments>
<arg>//span[@data-reactid=".0.2.0.1.1.0.0.1.1.0.1"]</arg>
</arguments>
<msg timestamp="20201107 01:16:16.417" level="INFO">Clicking element '//span[@data-reactid=".0.2.0.1.1.0.0.1.1.0.1"]'.</msg>
<status status="PASS" starttime="20201107 01:16:16.416" endtime="20201107 01:16:16.479"></status>
</kw>
<kw name="Wait Until Page Contains Element" library="SeleniumLibrary">
<doc>Waits until the element ``locator`` appears on the current page.</doc>
<arguments>
<arg>//textarea[@id="description"]</arg>
</arguments>
<status status="PASS" starttime="20201107 01:16:16.479" endtime="20201107 01:16:16.490"></status>
</kw>
<kw name="Input Text" library="SeleniumLibrary">
<doc>Types the given ``text`` into the text field identified by ``locator``.</doc>
<arguments>
<arg>//input[@id="name"]</arg>
<arg>${nomeKey}</arg>
</arguments>
<msg timestamp="20201107 01:16:16.491" level="INFO">Typing text 'testePrime' into text field '//input[@id="name"]'.</msg>
<status status="PASS" starttime="20201107 01:16:16.491" endtime="20201107 01:16:16.580"></status>
</kw>
<kw name="Input Text" library="SeleniumLibrary">
<doc>Types the given ``text`` into the text field identified by ``locator``.</doc>
<arguments>
<arg>//textarea[@id="description"]</arg>
<arg>${descricao}</arg>
</arguments>
<msg timestamp="20201107 01:16:16.580" level="INFO">Typing text 'descriÃ§Ã£o' into text field '//textarea[@id="description"]'.</msg>
<status status="PASS" starttime="20201107 01:16:16.580" endtime="20201107 01:16:16.670"></status>
</kw>
<kw name="Input Text" library="SeleniumLibrary">
<doc>Types the given ``text`` into the text field identified by ``locator``.</doc>
<arguments>
<arg>//input[@id="range-0"]</arg>
<arg>${ip}</arg>
</arguments>
<msg timestamp="20201107 01:16:16.670" level="INFO">Typing text '201.13.103.203' into text field '//input[@id="range-0"]'.</msg>
<status status="PASS" starttime="20201107 01:16:16.670" endtime="20201107 01:16:16.766"></status>
</kw>
<kw name="Click Button" library="SeleniumLibrary">
<doc>Clicks the button identified by ``locator``.</doc>
<arguments>
<arg>//button[@type="submit"]</arg>
</arguments>
<msg timestamp="20201107 01:16:16.767" level="INFO">Clicking button '//button[@type="submit"]'.</msg>
<status status="PASS" starttime="20201107 01:16:16.766" endtime="20201107 01:16:16.819"></status>
</kw>
<status status="PASS" starttime="20201107 01:16:16.403" endtime="20201107 01:16:16.819"></status>
</kw>
<doc>Fazer o login na pagina e gerar a key para a api</doc>
<status status="PASS" starttime="20201107 01:16:06.634" endtime="20201107 01:16:16.820" critical="yes"></status>
</test>
<status status="PASS" starttime="20201107 01:16:06.421" endtime="20201107 01:16:16.825"></status>
</suite>
<statistics>
<total>
<stat pass="1" fail="0">Critical Tests</stat>
<stat pass="1" fail="0">All Tests</stat>
</total>
<tag>
</tag>
<suite>
<stat pass="1" fail="0" id="s1" name="GenerateApiKey">GenerateApiKey</stat>
</suite>
</statistics>
<errors>
</errors>
</robot>
