<?xml version="1.0" encoding="UTF-8"?>
<robot generator="Robot 3.2.2 (Python 3.8.6 on win32)" generated="20201108 17:09:12.519" rpa="false">
<suite id="s1" name="GenerateApiKey" source="C:\Users\Pichau\Desktop\Docs Lucas\python\Teste Prime Control\Teste-Prime-Control\Robots\GenerateApiKey.robot">
<test id="s1-t1" name="Generate CSV">
<kw name="Open Browser To LOGIN Page">
<doc>Acessa a pagina de login.</doc>
<arguments>
<arg>${endereco}</arg>
</arguments>
<kw name="Logger" library="Logger">
<arguments>
<arg>INFO</arg>
<arg>Abrindo Browser e navengando ate a tela de login.</arg>
</arguments>
<msg timestamp="20201108 17:09:12.723" level="INFO">Abrindo Browser e navengando ate a tela de login.</msg>
<msg timestamp="20201108 17:09:12.723" level="INFO">2020-11-08 17:09:12,722 INFO: Abrindo Browser e navengando ate a tela de login.</msg>
<status status="PASS" starttime="20201108 17:09:12.722" endtime="20201108 17:09:12.731"></status>
</kw>
<kw name="Open Browser" library="SeleniumLibrary">
<doc>Opens a new browser instance to the optional ``url``.</doc>
<arguments>
<arg>${endereco}</arg>
<arg>${BROWSER}</arg>
</arguments>
<msg timestamp="20201108 17:09:12.732" level="INFO">Opening browser 'Chrome' to base url 'https://developer.clashroyale.com/#/'.</msg>
<status status="PASS" starttime="20201108 17:09:12.731" endtime="20201108 17:09:18.828"></status>
</kw>
<kw name="Maximize Browser Window" library="SeleniumLibrary">
<doc>Maximizes current browser window.</doc>
<status status="PASS" starttime="20201108 17:09:18.828" endtime="20201108 17:09:20.944"></status>
</kw>
<kw name="Run Keyword And Return Status" library="BuiltIn">
<doc>Runs the given keyword with given arguments and returns the status as a Boolean value.</doc>
<arguments>
<arg>Wait Until Page Contains Element</arg>
<arg>//a[@data-reactid=".0.2.0.0.0.0.2.0.2"]</arg>
</arguments>
<assign>
<var>${Status}</var>
</assign>
<kw name="Wait Until Page Contains Element" library="SeleniumLibrary">
<doc>Waits until the element ``locator`` appears on the current page.</doc>
<arguments>
<arg>//a[@data-reactid=".0.2.0.0.0.0.2.0.2"]</arg>
</arguments>
<status status="PASS" starttime="20201108 17:09:20.944" endtime="20201108 17:09:20.953"></status>
</kw>
<msg timestamp="20201108 17:09:20.953" level="INFO">${Status} = True</msg>
<status status="PASS" starttime="20201108 17:09:20.944" endtime="20201108 17:09:20.953"></status>
</kw>
<kw name="Run Keyword If" library="BuiltIn">
<doc>Runs the given keyword with the given arguments, if ``condition`` is true.</doc>
<arguments>
<arg>${Status} is False</arg>
<arg>Logger</arg>
<arg>ERROR</arg>
<arg>Pagina inicial nao encontrada.</arg>
</arguments>
<status status="PASS" starttime="20201108 17:09:20.953" endtime="20201108 17:09:20.953"></status>
</kw>
<kw name="Click Link" library="SeleniumLibrary">
<doc>Clicks a link identified by ``locator``.</doc>
<arguments>
<arg>//a[@data-reactid=".0.2.0.0.0.0.2.0.2"]</arg>
</arguments>
<msg timestamp="20201108 17:09:20.954" level="INFO">Clicking link '//a[@data-reactid=".0.2.0.0.0.0.2.0.2"]'.</msg>
<status status="PASS" starttime="20201108 17:09:20.954" endtime="20201108 17:09:21.004"></status>
</kw>
<status status="PASS" starttime="20201108 17:09:12.722" endtime="20201108 17:09:21.004"></status>
</kw>
<kw name="Login In Clash">
<doc>Executa o Login na pagina de login.</doc>
<arguments>
<arg>${usuario}</arg>
<arg>${senha}</arg>
</arguments>
<kw name="Run Keyword And Return Status" library="BuiltIn">
<doc>Runs the given keyword with given arguments and returns the status as a Boolean value.</doc>
<arguments>
<arg>Wait Until Page Contains Element</arg>
<arg>//input[@id="email"]</arg>
</arguments>
<assign>
<var>${Status}</var>
</assign>
<kw name="Wait Until Page Contains Element" library="SeleniumLibrary">
<doc>Waits until the element ``locator`` appears on the current page.</doc>
<arguments>
<arg>//input[@id="email"]</arg>
</arguments>
<status status="PASS" starttime="20201108 17:09:21.005" endtime="20201108 17:09:21.015"></status>
</kw>
<msg timestamp="20201108 17:09:21.015" level="INFO">${Status} = True</msg>
<status status="PASS" starttime="20201108 17:09:21.005" endtime="20201108 17:09:21.015"></status>
</kw>
<kw name="Run Keyword If" library="BuiltIn">
<doc>Runs the given keyword with the given arguments, if ``condition`` is true.</doc>
<arguments>
<arg>${Status} is False</arg>
<arg>Logger</arg>
<arg>ERROR</arg>
<arg>Pagina de login nao encontrada.</arg>
</arguments>
<status status="PASS" starttime="20201108 17:09:21.015" endtime="20201108 17:09:21.016"></status>
</kw>
<kw name="Logger" library="Logger">
<arguments>
<arg>INFO</arg>
<arg>Digitando usuario e senha</arg>
</arguments>
<msg timestamp="20201108 17:09:21.016" level="INFO">Digitando usuario e senha</msg>
<msg timestamp="20201108 17:09:21.016" level="INFO">2020-11-08 17:09:21,015 INFO: Digitando usuario e senha</msg>
<status status="PASS" starttime="20201108 17:09:21.016" endtime="20201108 17:09:21.017"></status>
</kw>
<kw name="Input Text" library="SeleniumLibrary">
<doc>Types the given ``text`` into the text field identified by ``locator``.</doc>
<arguments>
<arg>//input[@id="email"]</arg>
<arg>${usuario}</arg>
</arguments>
<msg timestamp="20201108 17:09:21.017" level="INFO">Typing text 'lucasperoti@gmail.com' into text field '//input[@id="email"]'.</msg>
<status status="PASS" starttime="20201108 17:09:21.017" endtime="20201108 17:09:21.119"></status>
</kw>
<kw name="Input Password" library="SeleniumLibrary">
<doc>Types the given password into the text field identified by ``locator``.</doc>
<arguments>
<arg>//input[@id="password"]</arg>
<arg>${senha}</arg>
</arguments>
<msg timestamp="20201108 17:09:21.119" level="INFO">Typing password into text field '//input[@id="password"]'.</msg>
<msg timestamp="20201108 17:09:21.154" level="INFO">Temporally setting log level to: NONE</msg>
<msg timestamp="20201108 17:09:21.200" level="INFO">Log level changed from NONE to INFO.</msg>
<status status="PASS" starttime="20201108 17:09:21.119" endtime="20201108 17:09:21.201"></status>
</kw>
<kw name="Click Button" library="SeleniumLibrary">
<doc>Clicks the button identified by ``locator``.</doc>
<arguments>
<arg>//button[@type="submit"]</arg>
</arguments>
<msg timestamp="20201108 17:09:21.201" level="INFO">Clicking button '//button[@type="submit"]'.</msg>
<status status="PASS" starttime="20201108 17:09:21.201" endtime="20201108 17:09:21.258"></status>
</kw>
<kw name="Run Keyword And Return Status" library="BuiltIn">
<doc>Runs the given keyword with given arguments and returns the status as a Boolean value.</doc>
<arguments>
<arg>Wait Until Page Contains Element</arg>
<arg>//span[@data-reactid=".0.2.0.1.0.0.0.0.1.0.0.2"]</arg>
</arguments>
<assign>
<var>${Status}</var>
</assign>
<kw name="Wait Until Page Contains Element" library="SeleniumLibrary">
<doc>Waits until the element ``locator`` appears on the current page.</doc>
<arguments>
<arg>//span[@data-reactid=".0.2.0.1.0.0.0.0.1.0.0.2"]</arg>
</arguments>
<kw name="Capture Page Screenshot" library="SeleniumLibrary">
<doc>Takes a screenshot of the current page and embeds it into a log file.</doc>
<msg timestamp="20201108 17:09:27.308" level="INFO" html="yes">&lt;/td&gt;&lt;/tr&gt;&lt;tr&gt;&lt;td colspan="3"&gt;&lt;a href="selenium-screenshot-5.png"&gt;&lt;img src="selenium-screenshot-5.png" width="800px"&gt;&lt;/a&gt;</msg>
<status status="PASS" starttime="20201108 17:09:26.377" endtime="20201108 17:09:27.308"></status>
</kw>
<msg timestamp="20201108 17:09:27.310" level="FAIL">Element '//span[@data-reactid=".0.2.0.1.0.0.0.0.1.0.0.2"]' did not appear in 5 seconds.</msg>
<status status="FAIL" starttime="20201108 17:09:21.258" endtime="20201108 17:09:27.310"></status>
</kw>
<msg timestamp="20201108 17:09:27.310" level="INFO">${Status} = False</msg>
<status status="PASS" starttime="20201108 17:09:21.258" endtime="20201108 17:09:27.310"></status>
</kw>
<kw name="Run Keyword If" library="BuiltIn">
<doc>Runs the given keyword with the given arguments, if ``condition`` is true.</doc>
<arguments>
<arg>${Status} is True</arg>
<arg>Logger</arg>
<arg>ERROR</arg>
<arg>Login ou senha incorretos.</arg>
</arguments>
<status status="PASS" starttime="20201108 17:09:27.310" endtime="20201108 17:09:27.310"></status>
</kw>
<status status="PASS" starttime="20201108 17:09:21.004" endtime="20201108 17:09:27.311"></status>
</kw>
<kw name="Navegate To Generate Key Page">
<doc>Navega ate a pagina de geraçao da API Key.</doc>
<kw name="Run Keyword And Return Status" library="BuiltIn">
<doc>Runs the given keyword with given arguments and returns the status as a Boolean value.</doc>
<arguments>
<arg>Wait Until Page Contains Element</arg>
<arg>//button[@data-toggle="dropdown"]</arg>
</arguments>
<assign>
<var>${Status}</var>
</assign>
<kw name="Wait Until Page Contains Element" library="SeleniumLibrary">
<doc>Waits until the element ``locator`` appears on the current page.</doc>
<arguments>
<arg>//button[@data-toggle="dropdown"]</arg>
</arguments>
<status status="PASS" starttime="20201108 17:09:27.311" endtime="20201108 17:09:27.321"></status>
</kw>
<msg timestamp="20201108 17:09:27.321" level="INFO">${Status} = True</msg>
<status status="PASS" starttime="20201108 17:09:27.311" endtime="20201108 17:09:27.321"></status>
</kw>
<kw name="Run Keyword If" library="BuiltIn">
<doc>Runs the given keyword with the given arguments, if ``condition`` is true.</doc>
<arguments>
<arg>${Status} is False</arg>
<arg>Logger</arg>
<arg>ERROR</arg>
<arg>Menu inicial nao encontrado.</arg>
</arguments>
<status status="PASS" starttime="20201108 17:09:27.321" endtime="20201108 17:09:27.322"></status>
</kw>
<kw name="Click Element" library="SeleniumLibrary">
<doc>Click the element identified by ``locator``.</doc>
<arguments>
<arg>//button[@data-toggle="dropdown"]</arg>
</arguments>
<msg timestamp="20201108 17:09:27.322" level="INFO">Clicking element '//button[@data-toggle="dropdown"]'.</msg>
<status status="PASS" starttime="20201108 17:09:27.322" endtime="20201108 17:09:27.355"></status>
</kw>
<kw name="Logger" library="Logger">
<arguments>
<arg>INFO</arg>
<arg>Selecionando item My account no dropdown menu</arg>
</arguments>
<msg timestamp="20201108 17:09:27.356" level="INFO">Selecionando item My account no dropdown menu</msg>
<msg timestamp="20201108 17:09:27.356" level="INFO">2020-11-08 17:09:27,356 INFO: Selecionando item My account no dropdown menu</msg>
<status status="PASS" starttime="20201108 17:09:27.355" endtime="20201108 17:09:27.356"></status>
</kw>
<kw name="Click Element" library="SeleniumLibrary">
<doc>Click the element identified by ``locator``.</doc>
<arguments>
<arg>//a[@data-reactid=".0.2.0.0.0.0.2.0.0.1.0.0"]</arg>
</arguments>
<msg timestamp="20201108 17:09:27.357" level="INFO">Clicking element '//a[@data-reactid=".0.2.0.0.0.0.2.0.0.1.0.0"]'.</msg>
<status status="PASS" starttime="20201108 17:09:27.356" endtime="20201108 17:09:27.410"></status>
</kw>
<status status="PASS" starttime="20201108 17:09:27.311" endtime="20201108 17:09:27.410"></status>
</kw>
<kw name="Generate Key">
<doc>Gera a API KEY.</doc>
<arguments>
<arg>${nomeKey}</arg>
<arg>${descricao}</arg>
</arguments>
<kw name="Run Keyword And Return Status" library="BuiltIn">
<doc>Runs the given keyword with given arguments and returns the status as a Boolean value.</doc>
<arguments>
<arg>Wait Until Page Contains Element</arg>
<arg>//span[@data-reactid=".0.2.0.1.1.0.0.1.1.0.1"]</arg>
</arguments>
<assign>
<var>${Status}</var>
</assign>
<kw name="Wait Until Page Contains Element" library="SeleniumLibrary">
<doc>Waits until the element ``locator`` appears on the current page.</doc>
<arguments>
<arg>//span[@data-reactid=".0.2.0.1.1.0.0.1.1.0.1"]</arg>
</arguments>
<status status="PASS" starttime="20201108 17:09:27.411" endtime="20201108 17:09:27.422"></status>
</kw>
<msg timestamp="20201108 17:09:27.422" level="INFO">${Status} = True</msg>
<status status="PASS" starttime="20201108 17:09:27.411" endtime="20201108 17:09:27.422"></status>
</kw>
<kw name="Run Keyword If" library="BuiltIn">
<doc>Runs the given keyword with the given arguments, if ``condition`` is true.</doc>
<arguments>
<arg>${Status} is False</arg>
<arg>Logger</arg>
<arg>ERROR</arg>
<arg>Pagina de geraçao de API KEY nao encontrada.</arg>
</arguments>
<status status="PASS" starttime="20201108 17:09:27.422" endtime="20201108 17:09:27.423"></status>
</kw>
<kw name="Logger" library="Logger">
<arguments>
<arg>INFO</arg>
<arg>Gerando a API KEY</arg>
</arguments>
<msg timestamp="20201108 17:09:27.424" level="INFO">Gerando a API KEY</msg>
<msg timestamp="20201108 17:09:27.424" level="INFO">2020-11-08 17:09:27,423 INFO: Gerando a API KEY</msg>
<status status="PASS" starttime="20201108 17:09:27.423" endtime="20201108 17:09:27.424"></status>
</kw>
<kw name="Click Element" library="SeleniumLibrary">
<doc>Click the element identified by ``locator``.</doc>
<arguments>
<arg>//span[@data-reactid=".0.2.0.1.1.0.0.1.1.0.1"]</arg>
</arguments>
<msg timestamp="20201108 17:09:27.424" level="INFO">Clicking element '//span[@data-reactid=".0.2.0.1.1.0.0.1.1.0.1"]'.</msg>
<status status="PASS" starttime="20201108 17:09:27.424" endtime="20201108 17:09:27.477"></status>
</kw>
<kw name="Wait Until Page Contains Element" library="SeleniumLibrary">
<doc>Waits until the element ``locator`` appears on the current page.</doc>
<arguments>
<arg>//textarea[@id="description"]</arg>
</arguments>
<status status="PASS" starttime="20201108 17:09:27.477" endtime="20201108 17:09:27.486"></status>
</kw>
<kw name="Input Text" library="SeleniumLibrary">
<doc>Types the given ``text`` into the text field identified by ``locator``.</doc>
<arguments>
<arg>//input[@id="name"]</arg>
<arg>${nomeKey}</arg>
</arguments>
<msg timestamp="20201108 17:09:27.486" level="INFO">Typing text 'testePrime' into text field '//input[@id="name"]'.</msg>
<status status="PASS" starttime="20201108 17:09:27.486" endtime="20201108 17:09:27.570"></status>
</kw>
<kw name="Input Text" library="SeleniumLibrary">
<doc>Types the given ``text`` into the text field identified by ``locator``.</doc>
<arguments>
<arg>//textarea[@id="description"]</arg>
<arg>${descricao}</arg>
</arguments>
<msg timestamp="20201108 17:09:27.571" level="INFO">Typing text 'description' into text field '//textarea[@id="description"]'.</msg>
<status status="PASS" starttime="20201108 17:09:27.571" endtime="20201108 17:09:27.644"></status>
</kw>
<kw name="Get Ip" library="ApiConsumer">
<assign>
<var>${ip}</var>
</assign>
<msg timestamp="20201108 17:09:27.711" level="INFO">${ip} = 201.93.197.69</msg>
<status status="PASS" starttime="20201108 17:09:27.644" endtime="20201108 17:09:27.712"></status>
</kw>
<kw name="Input Text" library="SeleniumLibrary">
<doc>Types the given ``text`` into the text field identified by ``locator``.</doc>
<arguments>
<arg>//input[@id="range-0"]</arg>
<arg>${ip}</arg>
</arguments>
<msg timestamp="20201108 17:09:27.712" level="INFO">Typing text '201.93.197.69' into text field '//input[@id="range-0"]'.</msg>
<status status="PASS" starttime="20201108 17:09:27.712" endtime="20201108 17:09:27.794"></status>
</kw>
<kw name="Click Button" library="SeleniumLibrary">
<doc>Clicks the button identified by ``locator``.</doc>
<arguments>
<arg>//button[@type="submit"]</arg>
</arguments>
<msg timestamp="20201108 17:09:27.794" level="INFO">Clicking button '//button[@type="submit"]'.</msg>
<status status="PASS" starttime="20201108 17:09:27.794" endtime="20201108 17:09:27.838"></status>
</kw>
<kw name="Logger" library="Logger">
<arguments>
<arg>INFO</arg>
<arg>API KEY gerada com sucesso</arg>
</arguments>
<msg timestamp="20201108 17:09:27.840" level="INFO">API KEY gerada com sucesso</msg>
<msg timestamp="20201108 17:09:27.840" level="INFO">2020-11-08 17:09:27,839 INFO: API KEY gerada com sucesso</msg>
<status status="PASS" starttime="20201108 17:09:27.839" endtime="20201108 17:09:27.840"></status>
</kw>
<status status="PASS" starttime="20201108 17:09:27.411" endtime="20201108 17:09:27.840"></status>
</kw>
<kw name="Get API KEY">
<doc>Obter a API KEY gerada.</doc>
<kw name="Run Keyword And Return Status" library="BuiltIn">
<doc>Runs the given keyword with given arguments and returns the status as a Boolean value.</doc>
<arguments>
<arg>Wait Until Page Contains Element</arg>
<arg>//span[@class="dev-site-icon-key dev-site-icon"][1]</arg>
</arguments>
<assign>
<var>${Status}</var>
</assign>
<kw name="Wait Until Page Contains Element" library="SeleniumLibrary">
<doc>Waits until the element ``locator`` appears on the current page.</doc>
<arguments>
<arg>//span[@class="dev-site-icon-key dev-site-icon"][1]</arg>
</arguments>
<status status="PASS" starttime="20201108 17:09:27.841" endtime="20201108 17:09:28.467"></status>
</kw>
<msg timestamp="20201108 17:09:28.467" level="INFO">${Status} = True</msg>
<status status="PASS" starttime="20201108 17:09:27.841" endtime="20201108 17:09:28.467"></status>
</kw>
<kw name="Run Keyword If" library="BuiltIn">
<doc>Runs the given keyword with the given arguments, if ``condition`` is true.</doc>
<arguments>
<arg>${Status} is False</arg>
<arg>Logger</arg>
<arg>ERROR</arg>
<arg>Pagina com a chave gerada nao encontrada.</arg>
</arguments>
<status status="PASS" starttime="20201108 17:09:28.467" endtime="20201108 17:09:28.468"></status>
</kw>
<kw name="Click Element" library="SeleniumLibrary">
<doc>Click the element identified by ``locator``.</doc>
<arguments>
<arg>//span[@class="dev-site-icon-key dev-site-icon"][1]</arg>
</arguments>
<msg timestamp="20201108 17:09:28.468" level="INFO">Clicking element '//span[@class="dev-site-icon-key dev-site-icon"][1]'.</msg>
<status status="PASS" starttime="20201108 17:09:28.468" endtime="20201108 17:09:28.525"></status>
</kw>
<kw name="Run Keyword And Return Status" library="BuiltIn">
<doc>Runs the given keyword with given arguments and returns the status as a Boolean value.</doc>
<arguments>
<arg>Wait Until Page Contains Element</arg>
<arg>//samp[@data-reactid=".0.2.0.1.0.0.0.1.0.0.1.0"]</arg>
</arguments>
<assign>
<var>${Status}</var>
</assign>
<kw name="Wait Until Page Contains Element" library="SeleniumLibrary">
<doc>Waits until the element ``locator`` appears on the current page.</doc>
<arguments>
<arg>//samp[@data-reactid=".0.2.0.1.0.0.0.1.0.0.1.0"]</arg>
</arguments>
<status status="PASS" starttime="20201108 17:09:28.525" endtime="20201108 17:09:28.534"></status>
</kw>
<msg timestamp="20201108 17:09:28.534" level="INFO">${Status} = True</msg>
<status status="PASS" starttime="20201108 17:09:28.525" endtime="20201108 17:09:28.534"></status>
</kw>
<kw name="Run Keyword If" library="BuiltIn">
<doc>Runs the given keyword with the given arguments, if ``condition`` is true.</doc>
<arguments>
<arg>${Status} is False</arg>
<arg>Logger</arg>
<arg>ERROR</arg>
<arg>Token nao encontrado.</arg>
</arguments>
<status status="PASS" starttime="20201108 17:09:28.535" endtime="20201108 17:09:28.535"></status>
</kw>
<kw name="Logger" library="Logger">
<arguments>
<arg>INFO</arg>
<arg>Token encontrado com sucesso</arg>
</arguments>
<msg timestamp="20201108 17:09:28.536" level="INFO">Token encontrado com sucesso</msg>
<msg timestamp="20201108 17:09:28.536" level="INFO">2020-11-08 17:09:28,536 INFO: Token encontrado com sucesso</msg>
<status status="PASS" starttime="20201108 17:09:28.535" endtime="20201108 17:09:28.537"></status>
</kw>
<kw name="Get Text" library="SeleniumLibrary">
<doc>Returns the text value of the element identified by ``locator``.</doc>
<arguments>
<arg>//samp[@data-reactid=".0.2.0.1.0.0.0.1.0.0.1.0"]</arg>
</arguments>
<assign>
<var>${Key}</var>
</assign>
<msg timestamp="20201108 17:09:28.552" level="INFO">${Key} = eyJ0eXAiOiJKV1QiLCJhbGciOiJIUzUxMiIsImtpZCI6IjI4YTMxOGY3LTAwMDAtYTFlYi03ZmExLTJjNzQzM2M2Y2NhNSJ9.eyJpc3MiOiJzdXBlcmNlbGwiLCJhdWQiOiJzdXBlcmNlbGw6Z2FtZWFwaSIsImp0aSI6IjQxZjU5ZTZhLWU0ZGMtNGQ4Mi1iZWRiLWF...</msg>
<status status="PASS" starttime="20201108 17:09:28.537" endtime="20201108 17:09:28.552"></status>
</kw>
<kw name="Set Global Variable" library="BuiltIn">
<doc>Makes a variable available globally in all tests and suites.</doc>
<arguments>
<arg>${Key}</arg>
</arguments>
<msg timestamp="20201108 17:09:28.553" level="INFO">${Key} = eyJ0eXAiOiJKV1QiLCJhbGciOiJIUzUxMiIsImtpZCI6IjI4YTMxOGY3LTAwMDAtYTFlYi03ZmExLTJjNzQzM2M2Y2NhNSJ9.eyJpc3MiOiJzdXBlcmNlbGwiLCJhdWQiOiJzdXBlcmNlbGw6Z2FtZWFwaSIsImp0aSI6IjQxZjU5ZTZhLWU0ZGMtNGQ4Mi1iZWRiLWF...</msg>
<status status="PASS" starttime="20201108 17:09:28.553" endtime="20201108 17:09:28.553"></status>
</kw>
<status status="PASS" starttime="20201108 17:09:27.840" endtime="20201108 17:09:28.553"></status>
</kw>
<kw name="Generate CSV FILE">
<doc>Escreve no Arquivo csv o resultado da lista obtida atraves da api.</doc>
<arguments>
<arg>${Key}</arg>
</arguments>
<kw name="Logger" library="Logger">
<arguments>
<arg>INFO</arg>
<arg>Gerando o arquivo CSV</arg>
</arguments>
<msg timestamp="20201108 17:09:28.554" level="INFO">Gerando o arquivo CSV</msg>
<msg timestamp="20201108 17:09:28.554" level="INFO">2020-11-08 17:09:28,554 INFO: Gerando o arquivo CSV</msg>
<status status="PASS" starttime="20201108 17:09:28.553" endtime="20201108 17:09:28.555"></status>
</kw>
<kw name="Generate Csv" library="ApiConsumer">
<arguments>
<arg>${Key}</arg>
</arguments>
<status status="PASS" starttime="20201108 17:09:28.555" endtime="20201108 17:09:32.686"></status>
</kw>
<status status="PASS" starttime="20201108 17:09:28.553" endtime="20201108 17:09:32.686"></status>
</kw>
<doc>Faz o login no site de api do clash of clans, cria um token e o utiliza para gerar um arquivo csv com o resultado de uma chamada de api,retornando os membros do clan.</doc>
<status status="PASS" starttime="20201108 17:09:12.721" endtime="20201108 17:09:32.687" critical="yes"></status>
</test>
<kw name="Teardown" type="teardown">
<kw name="Logger" library="Logger">
<arguments>
<arg>INFO</arg>
<arg>Fechando BROWSER</arg>
</arguments>
<msg timestamp="20201108 17:09:32.689" level="INFO">Fechando BROWSER</msg>
<msg timestamp="20201108 17:09:32.690" level="INFO">2020-11-08 17:09:32,689 INFO: Fechando BROWSER</msg>
<status status="PASS" starttime="20201108 17:09:32.688" endtime="20201108 17:09:32.698"></status>
</kw>
<kw name="Close Browser" library="SeleniumLibrary">
<doc>Closes the current browser.</doc>
<status status="PASS" starttime="20201108 17:09:32.698" endtime="20201108 17:09:34.830"></status>
</kw>
<status status="PASS" starttime="20201108 17:09:32.688" endtime="20201108 17:09:34.830"></status>
</kw>
<status status="PASS" starttime="20201108 17:09:12.529" endtime="20201108 17:09:34.830"></status>
</suite>
<statistics>
<total>
<stat pass="1" fail="0">Critical Tests</stat>
<stat pass="1" fail="0">All Tests</stat>
</total>
<tag>
</tag>
<suite>
<stat pass="1" fail="0" id="s1" name="GenerateApiKey">GenerateApiKey</stat>
</suite>
</statistics>
<errors>
</errors>
</robot>
